0 info it worked if it ends with ok
1 verbose cli [ 'C:\\Program Files\\nodejs\\node.exe',
1 verbose cli   'C:\\Program Files\\nodejs\\node_modules\\npm\\bin\\npm-cli.js',
1 verbose cli   'run',
1 verbose cli   'build-dist' ]
2 info using npm@3.10.3
3 info using node@v6.5.0
4 verbose run-script [ 'prebuild-dist', 'build-dist', 'postbuild-dist' ]
5 info lifecycle note-app-angular@0.0.1~prebuild-dist: note-app-angular@0.0.1
6 silly lifecycle note-app-angular@0.0.1~prebuild-dist: no script for prebuild-dist, continuing
7 info lifecycle note-app-angular@0.0.1~build-dist: note-app-angular@0.0.1
8 verbose lifecycle note-app-angular@0.0.1~build-dist: unsafe-perm in lifecycle true
9 verbose lifecycle note-app-angular@0.0.1~build-dist: PATH: C:\Program Files\nodejs\node_modules\npm\bin\node-gyp-bin;C:\Users\eGenesis\Programming\webapps\workout-log-angular\node_modules\.bin;C:\Program Files\nodejs;C:\Users\eGenesis\bin;C:\Program Files\Git\mingw64\bin;C:\Program Files\Git\usr\local\bin;C:\Program Files\Git\usr\bin;C:\Program Files\Git\usr\bin;C:\Program Files\Git\cmd;C:\Program Files\ConEmu\ConEmu\Scripts;C:\Program Files\ConEmu;C:\Program Files\ConEmu\ConEmu;C:\WINDOWS\SYSTEM32;C:\WINDOWS;C:\WINDOWS\SYSTEM32\WBEM;C:\WINDOWS\SYSTEM32\WINDOWSPOWERSHELL\V1.0;C:\PROGRAM FILES\INTEL\DMIX;C:\PROGRAM FILES (X86)\NVIDIA CORPORATION\PHYSX\COMMON;C:\PROGRAM FILES\GIT\CMD;C:\PROGRAM FILES (X86)\AUTODESK\BACKBURNER;C:\PROGRAM FILES\COMMON FILES\AUTODESK SHARED;C:\HASHICORP\VAGRANT\BIN;C:\PROGRAM FILES (X86)\COMMON FILES\AUTODESK SHARED;Z:\SCRIPTS;C:\PROGRAM FILES\MONGODB\SERVER\3.2\BIN;C:\PROGRAM FILES (X86)\WINDOWS KITS\8.1\WINDOWS PERFORMANCE TOOLKIT;C:\PROGRAM FILES (X86)\HEROKU\BIN;C:\PROGRAM FILES (X86)\GIT\CMD;C:\PROGRAM FILES (X86)\GIT\CMD;C:\PROGRAM FILES (X86)\HEROKU\BIN;C:\Program Files\ASUS\Bluetooth Software;C:\Program Files\ASUS\Bluetooth Software\syswow64;C:\Program Files\nodejs;C:\Program Files\CMake\bin;C:\Windows\system32\config\systemprofile\.dnx\bin;C:\Program Files\Microsoft DNX\Dnvm;C:\Program Files\Microsoft SQL Server\130\Tools\Binn;C:\Program Files\Amazon\AWSCLI;C:\Python27;C:\Python27\Scripts;C:\Program Files (x86)\Heroku\bin;C:\PhantomJs\bin;C:\Users\eGenesis\AppData\Local\Programs\Python\Python35\Scripts;C:\Users\eGenesis\AppData\Local\Programs\Python\Python35;C:\Program Files\Docker Toolbox;C:\Users\eGenesis\AppData\Local\atom\bin;C:\Users\eGenesis\AppData\Local\.meteor;C:\Users\eGenesis\AppData\Roaming\npm;C:\Program Files\Git\usr\bin\vendor_perl;C:\Program Files\Git\usr\bin\core_perl
10 verbose lifecycle note-app-angular@0.0.1~build-dist: CWD: C:\Users\eGenesis\Programming\webapps\workout-log-angular
11 silly lifecycle note-app-angular@0.0.1~build-dist: Args: [ '/d /s /c', 'gulp client.build:dist' ]
12 silly lifecycle note-app-angular@0.0.1~build-dist: Returned: code: 1  signal: null
13 info lifecycle note-app-angular@0.0.1~build-dist: Failed to exec build-dist script
14 verbose stack Error: note-app-angular@0.0.1 build-dist: `gulp client.build:dist`
14 verbose stack Exit status 1
14 verbose stack     at EventEmitter.<anonymous> (C:\Program Files\nodejs\node_modules\npm\lib\utils\lifecycle.js:242:16)
14 verbose stack     at emitTwo (events.js:106:13)
14 verbose stack     at EventEmitter.emit (events.js:191:7)
14 verbose stack     at ChildProcess.<anonymous> (C:\Program Files\nodejs\node_modules\npm\lib\utils\spawn.js:40:14)
14 verbose stack     at emitTwo (events.js:106:13)
14 verbose stack     at ChildProcess.emit (events.js:191:7)
14 verbose stack     at maybeClose (internal/child_process.js:877:16)
14 verbose stack     at Process.ChildProcess._handle.onexit (internal/child_process.js:226:5)
15 verbose pkgid note-app-angular@0.0.1
16 verbose cwd C:\Users\eGenesis\Programming\webapps\workout-log-angular
17 error Windows_NT 6.1.7601
18 error argv "C:\\Program Files\\nodejs\\node.exe" "C:\\Program Files\\nodejs\\node_modules\\npm\\bin\\npm-cli.js" "run" "build-dist"
19 error node v6.5.0
20 error npm  v3.10.3
21 error code ELIFECYCLE
22 error note-app-angular@0.0.1 build-dist: `gulp client.build:dist`
22 error Exit status 1
23 error Failed at the note-app-angular@0.0.1 build-dist script 'gulp client.build:dist'.
23 error Make sure you have the latest version of node.js and npm installed.
23 error If you do, this is most likely a problem with the note-app-angular package,
23 error not with npm itself.
23 error Tell the author that this fails on your system:
23 error     gulp client.build:dist
23 error You can get information on how to open an issue for this project with:
23 error     npm bugs note-app-angular
23 error Or if that isn't available, you can get their info via:
23 error     npm owner ls note-app-angular
23 error There is likely additional logging output above.
24 verbose exit [ 1, true ]
